Using pre-set license
Built from '2020.3/staging' branch; Version is '2020.3.17f1 (a4537701e4ab) revision 10769271'; Using compiler version '192528614'; Build Type 'Release'
OS: 'Windows 10 Home Single Language; OS build 19043.1466; Version 2009; 64bit' Language: 'en' Physical Memory: 8068 MB
BatchMode: 1, IsHumanControllingUs: 0, StartBugReporterOnCrash: 0, Is64bit: 1, IsPro: 0

COMMAND LINE ARGUMENTS:
C:\Program Files\Unity\Hub\Editor\2020.3.17f1\Editor\Unity.exe
-adb2
-batchMode
-noUpm
-name
AssetImportWorker8
-projectPath
C:/Users/akv shanta/Desktop/Projects/Design Credit/BJTT/BJT Rider
-logFile
Logs/AssetImportWorker8.log
-srvPort
64086
Successfully changed project path to: C:/Users/akv shanta/Desktop/Projects/Design Credit/BJTT/BJT Rider
C:/Users/akv shanta/Desktop/Projects/Design Credit/BJTT/BJT Rider
Using Asset Import Pipeline V2.
Refreshing native plugins compatible for Editor in 66.61 ms, found 2 plugins.
Preloading 0 native plugins for Editor in 0.00 ms.
Initialize engine version: 2020.3.17f1 (a4537701e4ab)
[Subsystems] Discovering subsystems at path C:/Program Files/Unity/Hub/Editor/2020.3.17f1/Editor/Data/Resources/UnitySubsystems
[Subsystems] Discovering subsystems at path C:/Users/akv shanta/Desktop/Projects/Design Credit/BJTT/BJT Rider/Assets
GfxDevice: creating device client; threaded=0
Direct3D:
    Version:  Direct3D 11.0 [level 11.1]
    Renderer: Intel(R) UHD Graphics 620 (ID=0x3ea0)
    Vendor:   
    VRAM:     4034 MB
    Driver:   27.20.100.9664
Initialize mono
Mono path[0] = 'C:/Program Files/Unity/Hub/Editor/2020.3.17f1/Editor/Data/Managed'
Mono path[1] = 'C:/Program Files/Unity/Hub/Editor/2020.3.17f1/Editor/Data/MonoBleedingEdge/lib/mono/unityjit'
Mono config path = 'C:/Program Files/Unity/Hub/Editor/2020.3.17f1/Editor/Data/MonoBleedingEdge/etc'
Using monoOptions --debugger-agent=transport=dt_socket,embedding=1,server=y,suspend=n,address=127.0.0.1:56460
Begin MonoManager ReloadAssembly
Registering precompiled unity dll's ...
Register platform support module: C:/Program Files/Unity/Hub/Editor/2020.3.17f1/Editor/Data/PlaybackEngines/WebGLSupport/UnityEditor.WebGL.Extensions.dll
Register platform support module: C:/Program Files/Unity/Hub/Editor/2020.3.17f1/Editor/Data/PlaybackEngines/WindowsStandaloneSupport/UnityEditor.WindowsStandalone.Extensions.dll
Registered in 0.002820 seconds.
Native extension for WindowsStandalone target not found
Native extension for WebGL target not found
Refreshing native plugins compatible for Editor in 67.28 ms, found 2 plugins.
Preloading 0 native plugins for Editor in 0.00 ms.
Mono: successfully reloaded assembly
- Completed reload, in  1.405 seconds
Domain Reload Profiling:
	ReloadAssembly (1406ms)
		BeginReloadAssembly (61ms)
			ExecutionOrderSort (0ms)
			DisableScriptedObjects (0ms)
			BackupInstance (0ms)
			ReleaseScriptingObjects (0ms)
			CreateAndSetChildDomain (1ms)
		EndReloadAssembly (467ms)
			LoadAssemblies (59ms)
			RebuildTransferFunctionScriptingTraits (0ms)
			SetupTypeCache (162ms)
			ReleaseScriptCaches (0ms)
			RebuildScriptCaches (35ms)
			SetupLoadedEditorAssemblies (199ms)
				LogAssemblyErrors (0ms)
				InitializePlatformSupportModulesInManaged (6ms)
				SetLoadedEditorAssemblies (0ms)
				RefreshPlugins (67ms)
				BeforeProcessingInitializeOnLoad (11ms)
				ProcessInitializeOnLoadAttributes (85ms)
				ProcessInitializeOnLoadMethodAttributes (30ms)
				AfterProcessingInitializeOnLoad (0ms)
				EditorAssembliesLoaded (0ms)
			ExecutionOrderSort2 (0ms)
			AwakeInstancesAfterBackupRestoration (0ms)
Platform modules already initialized, skipping
Registering precompiled user dll's ...
Registered in 0.005277 seconds.
Begin MonoManager ReloadAssembly
Native extension for WindowsStandalone target not found
Native extension for WebGL target not found
Refreshing native plugins compatible for Editor in 0.77 ms, found 2 plugins.
Preloading 0 native plugins for Editor in 0.00 ms.
Mono: successfully reloaded assembly
- Completed reload, in 19.482 seconds
Domain Reload Profiling:
	ReloadAssembly (19483ms)
		BeginReloadAssembly (160ms)
			ExecutionOrderSort (0ms)
			DisableScriptedObjects (5ms)
			BackupInstance (0ms)
			ReleaseScriptingObjects (0ms)
			CreateAndSetChildDomain (19ms)
		EndReloadAssembly (19253ms)
			LoadAssemblies (7946ms)
			RebuildTransferFunctionScriptingTraits (0ms)
			SetupTypeCache (343ms)
			ReleaseScriptCaches (0ms)
			RebuildScriptCaches (49ms)
			SetupLoadedEditorAssemblies (10817ms)
				LogAssemblyErrors (0ms)
				InitializePlatformSupportModulesInManaged (7ms)
				SetLoadedEditorAssemblies (0ms)
				RefreshPlugins (1ms)
				BeforeProcessingInitializeOnLoad (71ms)
				ProcessInitializeOnLoadAttributes (10723ms)
				ProcessInitializeOnLoadMethodAttributes (6ms)
				AfterProcessingInitializeOnLoad (8ms)
				EditorAssembliesLoaded (0ms)
			ExecutionOrderSort2 (0ms)
			AwakeInstancesAfterBackupRestoration (7ms)
Platform modules already initialized, skipping
========================================================================
Worker process is ready to serve import requests
Launched and connected shader compiler UnityShaderCompiler.exe after 0.46 seconds
Refreshing native plugins compatible for Editor in 0.72 ms, found 2 plugins.
Preloading 0 native plugins for Editor in 0.00 ms.
Unloading 1656 Unused Serialized files (Serialized files now loaded: 0)
System memory in use before: 108.8 MB.
System memory in use after: 108.6 MB.

Unloading 20 unused Assets to reduce memory usage. Loaded Objects now: 2116.
Total: 3.989500 ms (FindLiveObjects: 0.504900 ms CreateObjectMapping: 0.146800 ms MarkObjects: 3.014100 ms  DeleteObjects: 0.322000 ms)

AssetImportParameters requested are different than current active one (requested -> active):
  custom:framework-win-MediaFoundation: 216162199b28c13a410421893ffa2e32 -> 
  custom:video-decoder-ogg-theora: a1e56fd34408186e4bbccfd4996cb3dc -> 
  custom:container-muxer-webm: aa71ff27fc2769a1b78a27578f13a17b -> 
  custom:container-demuxer-webm: 4f35f7cbe854078d1ac9338744f61a02 -> 
  custom:container-demuxer-ogg: 62fdf1f143b41e24485cea50d1cbac27 -> 
  custom:video-encoder-webm-vp8: eb34c28f22e8b96e1ab97ce403110664 -> 
  custom:video-codec-MediaFoundation-h265: 746d11721c4dcdbdad8f713fa42b33f4 -> 
  custom:video-decoder-webm-vp8: 9c59270c3fd7afecdb556c50c9e8de78 -> 
  custom:audio-decoder-ogg-vorbis: bf7c407c2cedff20999df2af8eb42d56 -> 
  custom:audio-encoder-webm-vorbis: bf7c407c2cedff20999df2af8eb42d56 -> 
========================================================================
Received Import Request.
  path: Assets/Hut/Prefabs/Broom.prefab
  artifactKey: Guid(497ba711b83d040de886ed12592d2a57) Importer(815301076,1909f56bfc062723c751e8b465ee728b)
Start importing Assets/Hut/Prefabs/Broom.prefab using Guid(497ba711b83d040de886ed12592d2a57) Importer(815301076,1909f56bfc062723c751e8b465ee728b)  -> (artifact id: '70e48c41462739d8a42f6448873a3742') in 4.838671 seconds 
  Import took 5.045771 seconds .

========================================================================
Received Import Request.
  Time since last request: 0.000426 seconds.
  path: Assets/HELP_IMAGES/IIT-j-1024x1003.jpg
  artifactKey: Guid(fdaf2778a5251b9469e8d883aae3f121) Importer(815301076,1909f56bfc062723c751e8b465ee728b)
Start importing Assets/HELP_IMAGES/IIT-j-1024x1003.jpg using Guid(fdaf2778a5251b9469e8d883aae3f121) Importer(815301076,1909f56bfc062723c751e8b465ee728b)  -> (artifact id: '1b16fca42f2dbf1cbf491bb401efb67f') in 0.771416 seconds 
  Import took 0.935068 seconds .

========================================================================
Received Import Request.
  Time since last request: 0.000418 seconds.
  path: Assets/Hut/Prefabs/Horn_Hanger.prefab
  artifactKey: Guid(f4778834615ed4266823781deb2681ac) Importer(815301076,1909f56bfc062723c751e8b465ee728b)
Start importing Assets/Hut/Prefabs/Horn_Hanger.prefab using Guid(f4778834615ed4266823781deb2681ac) Importer(815301076,1909f56bfc062723c751e8b465ee728b)  -> (artifact id: '07220e93f15c1069eaf61ff399c4b931') in 15.238556 seconds 
  Import took 15.853109 seconds .

========================================================================
Received Import Request.
  Time since last request: 0.000595 seconds.
  path: Assets/HELP_IMAGES/logo1.gif
  artifactKey: Guid(09471732a64da7645a9cc83aade2db7c) Importer(815301076,1909f56bfc062723c751e8b465ee728b)
Start importing Assets/HELP_IMAGES/logo1.gif using Guid(09471732a64da7645a9cc83aade2db7c) Importer(815301076,1909f56bfc062723c751e8b465ee728b)  -> (artifact id: '1e374a851f6a9b06a2142763b00fa78f') in 0.319022 seconds 
  Import took 1.067451 seconds .

========================================================================
Received Import Request.
  Time since last request: 0.000458 seconds.
  path: Assets/HELP_IMAGES/IITJlogo.jpg
  artifactKey: Guid(6e7b54709d8eab64ba41f3a40aabb2c6) Importer(815301076,1909f56bfc062723c751e8b465ee728b)
Start importing Assets/HELP_IMAGES/IITJlogo.jpg using Guid(6e7b54709d8eab64ba41f3a40aabb2c6) Importer(815301076,1909f56bfc062723c751e8b465ee728b)  -> (artifact id: 'e7af674f8d9b071fa72df12f83ce7b7d') in 0.342974 seconds 
  Import took 1.044435 seconds .

========================================================================
Received Import Request.
  Time since last request: 0.000426 seconds.
  path: Assets/Hut
  artifactKey: Guid(eb820d21bdb5d9f419803dd987f85461) Importer(815301076,1909f56bfc062723c751e8b465ee728b)
Start importing Assets/Hut using Guid(eb820d21bdb5d9f419803dd987f85461) Importer(815301076,1909f56bfc062723c751e8b465ee728b)  -> (artifact id: '7b495f4c1ed74a22ede619e07c499fcc') in 0.003181 seconds 
  Import took 0.202933 seconds .

========================================================================
Received Import Request.
  Time since last request: 0.000355 seconds.
  path: Assets/Hut/Materials
  artifactKey: Guid(96b1eac291354064d8372872a47b5f06) Importer(815301076,1909f56bfc062723c751e8b465ee728b)
Start importing Assets/Hut/Materials using Guid(96b1eac291354064d8372872a47b5f06) Importer(815301076,1909f56bfc062723c751e8b465ee728b)  -> (artifact id: 'fe9237de22929b19d323429630271403') in 0.002717 seconds 
  Import took 0.560198 seconds .

========================================================================
Received Import Request.
  Time since last request: 0.000430 seconds.
  path: Assets/HELP_IMAGES/EQUIVALENT_CIRCUIT.png
  artifactKey: Guid(1d8d938244a18fd44b6465f3f3d7f02a) Importer(815301076,1909f56bfc062723c751e8b465ee728b)
Start importing Assets/HELP_IMAGES/EQUIVALENT_CIRCUIT.png using Guid(1d8d938244a18fd44b6465f3f3d7f02a) Importer(815301076,1909f56bfc062723c751e8b465ee728b)  -> (artifact id: '7819665b234437b44bcc918b9e37ef24') in 0.258900 seconds 
  Import took 0.932511 seconds .

========================================================================
Received Import Request.
  Time since last request: 0.000417 seconds.
  path: Assets/Hut/Prefabs/Small_Chair.prefab
  artifactKey: Guid(36652662aaef2458cbf81dd2079493a6) Importer(815301076,1909f56bfc062723c751e8b465ee728b)
Start importing Assets/Hut/Prefabs/Small_Chair.prefab using Guid(36652662aaef2458cbf81dd2079493a6) Importer(815301076,1909f56bfc062723c751e8b465ee728b)  -> (artifact id: '3f7bdff703624655d3c5178ce29ee452') in 6.762180 seconds 
  Import took 8.580660 seconds .

========================================================================
Received Import Request.
  Time since last request: 0.000358 seconds.
  path: Assets/Hut/Prefabs/Fence_Column.prefab
  artifactKey: Guid(1d159f9883283e04f811c9ed05af4f14) Importer(815301076,1909f56bfc062723c751e8b465ee728b)
Start importing Assets/Hut/Prefabs/Fence_Column.prefab using Guid(1d159f9883283e04f811c9ed05af4f14) Importer(815301076,1909f56bfc062723c751e8b465ee728b)  -> (artifact id: '2412f71d3790b290169aaeb6260108cd') in 0.167862 seconds 
  Import took 0.266766 seconds .

========================================================================
Received Import Request.
  Time since last request: 0.000400 seconds.
  path: Assets/HELP_IMAGES/WIDTH.jpeg
  artifactKey: Guid(7a1a325dca8d0df41ae8d634d290bcd8) Importer(815301076,1909f56bfc062723c751e8b465ee728b)
Start importing Assets/HELP_IMAGES/WIDTH.jpeg using Guid(7a1a325dca8d0df41ae8d634d290bcd8) Importer(815301076,1909f56bfc062723c751e8b465ee728b)  -> (artifact id: '02f0d6677e322ffd573dec7e5a00c23b') in 0.145109 seconds 
  Import took 0.164485 seconds .

========================================================================
Received Import Request.
  Time since last request: 0.000411 seconds.
  path: Assets/Hut/Prefabs/Fence_02.prefab
  artifactKey: Guid(39360cdd17f538f4ea04f12d50ae4614) Importer(815301076,1909f56bfc062723c751e8b465ee728b)
Start importing Assets/Hut/Prefabs/Fence_02.prefab using Guid(39360cdd17f538f4ea04f12d50ae4614) Importer(815301076,1909f56bfc062723c751e8b465ee728b)  -> (artifact id: '050142b2bd9ef5659f4208101ec151d7') in 0.048328 seconds 
  Import took 0.090096 seconds .

========================================================================
Received Import Request.
  Time since last request: 0.000356 seconds.
  path: Assets/HELP_IMAGES/TRACK.jpeg
  artifactKey: Guid(1ac778b839421f748b7f4fcd227c3c9c) Importer(815301076,1909f56bfc062723c751e8b465ee728b)
Start importing Assets/HELP_IMAGES/TRACK.jpeg using Guid(1ac778b839421f748b7f4fcd227c3c9c) Importer(815301076,1909f56bfc062723c751e8b465ee728b)  -> (artifact id: 'ae9bc6c3d564fbfbfc02c5e1d5181962') in 0.237491 seconds 
  Import took 0.481732 seconds .

========================================================================
Received Import Request.
  Time since last request: 0.000356 seconds.
  path: Assets/Sound Pack Free Edition
  artifactKey: Guid(ec4be74f70a485c48b8c51a46e0f042a) Importer(815301076,1909f56bfc062723c751e8b465ee728b)
Start importing Assets/Sound Pack Free Edition using Guid(ec4be74f70a485c48b8c51a46e0f042a) Importer(815301076,1909f56bfc062723c751e8b465ee728b)  -> (artifact id: '9467d6878039453e27c1236e17240731') in 0.003788 seconds 
  Import took 0.091501 seconds .

========================================================================
Received Import Request.
  Time since last request: 0.000424 seconds.
  path: Assets/Sound Pack Free Edition/click_01.wav
  artifactKey: Guid(9c81708937d7b400f94950a59f4ca6bb) Importer(815301076,1909f56bfc062723c751e8b465ee728b)
Start importing Assets/Sound Pack Free Edition/click_01.wav using Guid(9c81708937d7b400f94950a59f4ca6bb) Importer(815301076,1909f56bfc062723c751e8b465ee728b)  -> (artifact id: 'f758240d1fe59bc180b9965aa4c8eca5') in 0.985379 seconds 
  Import took 1.203870 seconds .

========================================================================
Received Import Request.
  Time since last request: 0.000396 seconds.
  path: Assets/Hut/Prefabs/Fence_01.prefab
  artifactKey: Guid(f5853f9542928ed43b1b3be946bc02a2) Importer(815301076,1909f56bfc062723c751e8b465ee728b)
Start importing Assets/Hut/Prefabs/Fence_01.prefab using Guid(f5853f9542928ed43b1b3be946bc02a2) Importer(815301076,1909f56bfc062723c751e8b465ee728b)  -> (artifact id: 'fc12bfea3ee73489d75707bb18e5c172') in 1.735823 seconds 
  Import took 1.773211 seconds .

========================================================================
Received Import Request.
  Time since last request: 0.000457 seconds.
  path: Assets/Hut/Prefabs/Goathead.prefab
  artifactKey: Guid(3ea1f1c68b21146a9819e6943c76172b) Importer(815301076,1909f56bfc062723c751e8b465ee728b)
Start importing Assets/Hut/Prefabs/Goathead.prefab using Guid(3ea1f1c68b21146a9819e6943c76172b) Importer(815301076,1909f56bfc062723c751e8b465ee728b)  -> (artifact id: '07f8118432997576bf181ed28cc0be18') in 1.153890 seconds 
  Import took 1.221929 seconds .

========================================================================
Received Import Request.
  Time since last request: 0.000590 seconds.
  path: Assets/Sound Pack Free Edition/click_02.wav
  artifactKey: Guid(8e8218f6a01e74bd5894788e3f912635) Importer(815301076,1909f56bfc062723c751e8b465ee728b)
Start importing Assets/Sound Pack Free Edition/click_02.wav using Guid(8e8218f6a01e74bd5894788e3f912635) Importer(815301076,1909f56bfc062723c751e8b465ee728b)  -> (artifact id: 'd6147cf9d49c5f6bd3e3fda3960b81ce') in 0.120770 seconds 
  Import took 0.278272 seconds .

========================================================================
Received Import Request.
  Time since last request: 0.000344 seconds.
  path: Assets/HELP_IMAGES/background.jpeg
  artifactKey: Guid(40803a559e7f0a84fa29ac73fbaef659) Importer(815301076,1909f56bfc062723c751e8b465ee728b)
Start importing Assets/HELP_IMAGES/background.jpeg using Guid(40803a559e7f0a84fa29ac73fbaef659) Importer(815301076,1909f56bfc062723c751e8b465ee728b)  -> (artifact id: '24162851d97b138dffd07e4874de139c') in 0.012601 seconds 
  Import took 0.015831 seconds .

========================================================================
Received Import Request.
  Time since last request: 0.000258 seconds.
  path: Assets/Hut/Prefabs/Basket.prefab
  artifactKey: Guid(4f33db2b61d8c4c509be4ef4d9369b60) Importer(815301076,1909f56bfc062723c751e8b465ee728b)
Start importing Assets/Hut/Prefabs/Basket.prefab using Guid(4f33db2b61d8c4c509be4ef4d9369b60) Importer(815301076,1909f56bfc062723c751e8b465ee728b)  -> (artifact id: 'cd931ae09b3653631ac7ae1ec1022a10') in 0.842865 seconds 
  Import took 0.983411 seconds .

========================================================================
Received Import Request.
  Time since last request: 0.000575 seconds.
  path: Assets/HELP_IMAGES/LOOSE_WIRES.jpeg
  artifactKey: Guid(b1a847c635e76084fbec3e85aa3463b7) Importer(815301076,1909f56bfc062723c751e8b465ee728b)
Start importing Assets/HELP_IMAGES/LOOSE_WIRES.jpeg using Guid(b1a847c635e76084fbec3e85aa3463b7) Importer(815301076,1909f56bfc062723c751e8b465ee728b)  -> (artifact id: '634fb19e973e110a862112e102f0618d') in 0.140293 seconds 
  Import took 0.195633 seconds .

========================================================================
Received Import Request.
  Time since last request: 0.000380 seconds.
  path: Assets/HELP_IMAGES
  artifactKey: Guid(763032c2bde3b3141901eb5fd848fedb) Importer(815301076,1909f56bfc062723c751e8b465ee728b)
Start importing Assets/HELP_IMAGES using Guid(763032c2bde3b3141901eb5fd848fedb) Importer(815301076,1909f56bfc062723c751e8b465ee728b)  -> (artifact id: '3fe5237bd498e89c3d5f86030093716a') in 0.003180 seconds 
  Import took 0.057373 seconds .

========================================================================
Received Import Request.
  Time since last request: 0.000358 seconds.
  path: Assets/HELP_IMAGES/eq_circuit_pnp.png
  artifactKey: Guid(2bad8047c9809694e88a26f004a7d0d0) Importer(815301076,1909f56bfc062723c751e8b465ee728b)
Start importing Assets/HELP_IMAGES/eq_circuit_pnp.png using Guid(2bad8047c9809694e88a26f004a7d0d0) Importer(815301076,1909f56bfc062723c751e8b465ee728b)  -> (artifact id: 'e9dcfd044193fae4449c4ce55caea931') in 0.090309 seconds 
  Import took 0.275713 seconds .

========================================================================
Received Import Request.
  Time since last request: 0.000382 seconds.
  path: Assets/HELP_IMAGES/HIGHWAY.jpeg
  artifactKey: Guid(75c79d464fd6e3e4e8732059693ff1d6) Importer(815301076,1909f56bfc062723c751e8b465ee728b)
Start importing Assets/HELP_IMAGES/HIGHWAY.jpeg using Guid(75c79d464fd6e3e4e8732059693ff1d6) Importer(815301076,1909f56bfc062723c751e8b465ee728b)  -> (artifact id: '1b96e355319c2e51f6cd27a5c4a800f2') in 0.036568 seconds 
  Import took 0.080738 seconds .

========================================================================
Received Import Request.
  Time since last request: 0.000425 seconds.
  path: Assets/Hut/Prefabs
  artifactKey: Guid(5b8bc19d646aa724c8899393ed0d0f5e) Importer(815301076,1909f56bfc062723c751e8b465ee728b)
Start importing Assets/Hut/Prefabs using Guid(5b8bc19d646aa724c8899393ed0d0f5e) Importer(815301076,1909f56bfc062723c751e8b465ee728b)  -> (artifact id: '0b64d4c77d5239092c2e7bcfbc7ea468') in 0.051272 seconds 
  Import took 0.055169 seconds .

========================================================================
Received Import Request.
  Time since last request: 0.002622 seconds.
  path: Assets/Sound Pack Free Edition/buy_02.wav
  artifactKey: Guid(b9703806690cb49a58ab182032cad276) Importer(815301076,1909f56bfc062723c751e8b465ee728b)
Start importing Assets/Sound Pack Free Edition/buy_02.wav using Guid(b9703806690cb49a58ab182032cad276) Importer(815301076,1909f56bfc062723c751e8b465ee728b)  -> (artifact id: 'ff8e90ebda0b60131d02c14fe3513f66') in 0.056352 seconds 
  Import took 0.131288 seconds .

========================================================================
Received Import Request.
  Time since last request: 0.000404 seconds.
  path: Assets/Hut/Prefabs/Toilet.prefab
  artifactKey: Guid(b5cab78b7f36c4860b4674677d76b79e) Importer(815301076,1909f56bfc062723c751e8b465ee728b)
Start importing Assets/Hut/Prefabs/Toilet.prefab using Guid(b5cab78b7f36c4860b4674677d76b79e) Importer(815301076,1909f56bfc062723c751e8b465ee728b)  -> (artifact id: 'cff9bf31e4052b46d8d1e8ed3e1fa609') in 2.569983 seconds 
  Import took 2.662996 seconds .

========================================================================
Received Import Request.
  Time since last request: 0.000381 seconds.
  path: Assets/Hut/Meshes
  artifactKey: Guid(3b27ae48d84fec249be99402ed1bfa88) Importer(815301076,1909f56bfc062723c751e8b465ee728b)
Start importing Assets/Hut/Meshes using Guid(3b27ae48d84fec249be99402ed1bfa88) Importer(815301076,1909f56bfc062723c751e8b465ee728b)  -> (artifact id: '316a9f27a37b3c7cbc8a8280bc35c05c') in 0.003736 seconds 
  Import took 0.108843 seconds .

========================================================================
Received Import Request.
  Time since last request: 0.000391 seconds.
  path: Assets/HELP_IMAGES/iitjlogo1.jpg
  artifactKey: Guid(55c7b8c47b35d5744970f08af2e94992) Importer(815301076,1909f56bfc062723c751e8b465ee728b)
Start importing Assets/HELP_IMAGES/iitjlogo1.jpg using Guid(55c7b8c47b35d5744970f08af2e94992) Importer(815301076,1909f56bfc062723c751e8b465ee728b)  -> (artifact id: '4aa0053f4b6583c6750072cfe2d508ff') in 0.057288 seconds 
  Import took 0.107231 seconds .

========================================================================
Received Import Request.
  Time since last request: 0.000403 seconds.
  path: Assets/Sound Pack Free Edition/time_01.wav
  artifactKey: Guid(25675f8572f8c4fc7aa53b3b4416f986) Importer(815301076,1909f56bfc062723c751e8b465ee728b)
Start importing Assets/Sound Pack Free Edition/time_01.wav using Guid(25675f8572f8c4fc7aa53b3b4416f986) Importer(815301076,1909f56bfc062723c751e8b465ee728b)  -> (artifact id: '460678c7a292f906660c51a2c75bb833') in 0.094194 seconds 
  Import took 0.113280 seconds .

========================================================================
Received Import Request.
  Time since last request: 0.000464 seconds.
  path: Assets/Hut/Prefabs/Fence_03.prefab
  artifactKey: Guid(001f495511ded714e8b30d0394b5de47) Importer(815301076,1909f56bfc062723c751e8b465ee728b)
Start importing Assets/Hut/Prefabs/Fence_03.prefab using Guid(001f495511ded714e8b30d0394b5de47) Importer(815301076,1909f56bfc062723c751e8b465ee728b)  -> (artifact id: '0d0aef653eea363ddb0ee123f8b2c6ba') in 0.120717 seconds 
  Import took 0.150714 seconds .

========================================================================
Received Import Request.
  Time since last request: 722.486262 seconds.
  path: Assets/HELP_IMAGES/EQUIVALENT_CIRCUIT.png
  artifactKey: Guid(1d8d938244a18fd44b6465f3f3d7f02a) Importer(815301076,1909f56bfc062723c751e8b465ee728b)
Start importing Assets/HELP_IMAGES/EQUIVALENT_CIRCUIT.png using Guid(1d8d938244a18fd44b6465f3f3d7f02a) Importer(815301076,1909f56bfc062723c751e8b465ee728b)  -> (artifact id: '5f47ee187baf0f5df0e535f4b4f46887') in 0.014878 seconds 
  Import took 0.423300 seconds .

========================================================================
Received Import Request.
  Time since last request: 28.815031 seconds.
  path: Assets/Scenes/LoginScene.unity
  artifactKey: Guid(8ecad90c8eb2fdf4896fa88b65583d6e) Importer(815301076,1909f56bfc062723c751e8b465ee728b)
Start importing Assets/Scenes/LoginScene.unity using Guid(8ecad90c8eb2fdf4896fa88b65583d6e) Importer(815301076,1909f56bfc062723c751e8b465ee728b)  -> (artifact id: '372d405bff8b16b4c2fb91a9ff2c3e36') in 0.006675 seconds 
  Import took 1.220953 seconds .

========================================================================
Received Prepare
Registering precompiled user dll's ...
Registered in 0.072021 seconds.
Begin MonoManager ReloadAssembly
Native extension for WindowsStandalone target not found
Native extension for WebGL target not found
Refreshing native plugins compatible for Editor in 2.70 ms, found 2 plugins.
Preloading 0 native plugins for Editor in 0.00 ms.
Mono: successfully reloaded assembly
- Completed reload, in  4.724 seconds
Domain Reload Profiling:
	ReloadAssembly (4725ms)
		BeginReloadAssembly (381ms)
			ExecutionOrderSort (0ms)
			DisableScriptedObjects (19ms)
			BackupInstance (0ms)
			ReleaseScriptingObjects (0ms)
			CreateAndSetChildDomain (101ms)
		EndReloadAssembly (4065ms)
			LoadAssemblies (328ms)
			RebuildTransferFunctionScriptingTraits (0ms)
			SetupTypeCache (1175ms)
			ReleaseScriptCaches (3ms)
			RebuildScriptCaches (170ms)
			SetupLoadedEditorAssemblies (1976ms)
				LogAssemblyErrors (0ms)
				InitializePlatformSupportModulesInManaged (25ms)
				SetLoadedEditorAssemblies (2ms)
				RefreshPlugins (3ms)
				BeforeProcessingInitializeOnLoad (208ms)
				ProcessInitializeOnLoadAttributes (1694ms)
				ProcessInitializeOnLoadMethodAttributes (13ms)
				AfterProcessingInitializeOnLoad (31ms)
				EditorAssembliesLoaded (1ms)
			ExecutionOrderSort2 (0ms)
			AwakeInstancesAfterBackupRestoration (35ms)
Platform modules already initialized, skipping
Refreshing native plugins compatible for Editor in 2.67 ms, found 2 plugins.
Preloading 0 native plugins for Editor in 0.00 ms.
Unloading 1575 Unused Serialized files (Serialized files now loaded: 0)
System memory in use before: 104.6 MB.
System memory in use after: 104.4 MB.

Unloading 15 unused Assets to reduce memory usage. Loaded Objects now: 2130.
Total: 16.077000 ms (FindLiveObjects: 0.657800 ms CreateObjectMapping: 0.307200 ms MarkObjects: 13.682300 ms  DeleteObjects: 1.424200 ms)

AssetImportParameters requested are different than current active one (requested -> active):
  custom:framework-win-MediaFoundation: 216162199b28c13a410421893ffa2e32 -> 
  custom:video-decoder-ogg-theora: a1e56fd34408186e4bbccfd4996cb3dc -> 
  custom:container-muxer-webm: aa71ff27fc2769a1b78a27578f13a17b -> 
  custom:container-demuxer-webm: 4f35f7cbe854078d1ac9338744f61a02 -> 
  custom:container-demuxer-ogg: 62fdf1f143b41e24485cea50d1cbac27 -> 
  custom:video-encoder-webm-vp8: eb34c28f22e8b96e1ab97ce403110664 -> 
  custom:video-codec-MediaFoundation-h265: 746d11721c4dcdbdad8f713fa42b33f4 -> 
  custom:video-decoder-webm-vp8: 9c59270c3fd7afecdb556c50c9e8de78 -> 
  custom:audio-decoder-ogg-vorbis: bf7c407c2cedff20999df2af8eb42d56 -> 
  custom:audio-encoder-webm-vorbis: bf7c407c2cedff20999df2af8eb42d56 -> 
AssetImportWorkerClient::OnTransportError - code=2 error=End of file
