Using pre-set license
Built from '2020.3/staging' branch; Version is '2020.3.17f1 (a4537701e4ab) revision 10769271'; Using compiler version '192528614'; Build Type 'Release'
OS: 'Windows 10 Home Single Language; OS build 19043.1645; Version 2009; 64bit' Language: 'en' Physical Memory: 8068 MB
BatchMode: 1, IsHumanControllingUs: 0, StartBugReporterOnCrash: 0, Is64bit: 1, IsPro: 0

COMMAND LINE ARGUMENTS:
C:\Program Files\Unity\Hub\Editor\2020.3.17f1\Editor\Unity.exe
-adb2
-batchMode
-noUpm
-name
AssetImportWorker2
-projectPath
C:/Users/akv shanta/Desktop/Projects/Design Credit/BJTT/BJT Rider
-logFile
Logs/AssetImportWorker2.log
-srvPort
65370
Successfully changed project path to: C:/Users/akv shanta/Desktop/Projects/Design Credit/BJTT/BJT Rider
C:/Users/akv shanta/Desktop/Projects/Design Credit/BJTT/BJT Rider
Using Asset Import Pipeline V2.
Refreshing native plugins compatible for Editor in 69.08 ms, found 2 plugins.
Preloading 0 native plugins for Editor in 0.00 ms.
Initialize engine version: 2020.3.17f1 (a4537701e4ab)
[Subsystems] Discovering subsystems at path C:/Program Files/Unity/Hub/Editor/2020.3.17f1/Editor/Data/Resources/UnitySubsystems
[Subsystems] Discovering subsystems at path C:/Users/akv shanta/Desktop/Projects/Design Credit/BJTT/BJT Rider/Assets
GfxDevice: creating device client; threaded=0
Direct3D:
    Version:  Direct3D 11.0 [level 11.1]
    Renderer: Intel(R) UHD Graphics 620 (ID=0x3ea0)
    Vendor:   
    VRAM:     4034 MB
    Driver:   27.20.100.9664
Initialize mono
Mono path[0] = 'C:/Program Files/Unity/Hub/Editor/2020.3.17f1/Editor/Data/Managed'
Mono path[1] = 'C:/Program Files/Unity/Hub/Editor/2020.3.17f1/Editor/Data/MonoBleedingEdge/lib/mono/unityjit'
Mono config path = 'C:/Program Files/Unity/Hub/Editor/2020.3.17f1/Editor/Data/MonoBleedingEdge/etc'
Using monoOptions --debugger-agent=transport=dt_socket,embedding=1,server=y,suspend=n,address=127.0.0.1:56440
Begin MonoManager ReloadAssembly
Registering precompiled unity dll's ...
Register platform support module: C:/Program Files/Unity/Hub/Editor/2020.3.17f1/Editor/Data/PlaybackEngines/WebGLSupport/UnityEditor.WebGL.Extensions.dll
Register platform support module: C:/Program Files/Unity/Hub/Editor/2020.3.17f1/Editor/Data/PlaybackEngines/WindowsStandaloneSupport/UnityEditor.WindowsStandalone.Extensions.dll
Registered in 0.004203 seconds.
Native extension for WindowsStandalone target not found
Native extension for WebGL target not found
Refreshing native plugins compatible for Editor in 75.30 ms, found 2 plugins.
Preloading 0 native plugins for Editor in 0.00 ms.
Mono: successfully reloaded assembly
- Completed reload, in  1.700 seconds
Domain Reload Profiling:
	ReloadAssembly (1700ms)
		BeginReloadAssembly (75ms)
			ExecutionOrderSort (0ms)
			DisableScriptedObjects (0ms)
			BackupInstance (0ms)
			ReleaseScriptingObjects (0ms)
			CreateAndSetChildDomain (1ms)
		EndReloadAssembly (558ms)
			LoadAssemblies (73ms)
			RebuildTransferFunctionScriptingTraits (0ms)
			SetupTypeCache (193ms)
			ReleaseScriptCaches (0ms)
			RebuildScriptCaches (43ms)
			SetupLoadedEditorAssemblies (238ms)
				LogAssemblyErrors (0ms)
				InitializePlatformSupportModulesInManaged (7ms)
				SetLoadedEditorAssemblies (0ms)
				RefreshPlugins (75ms)
				BeforeProcessingInitializeOnLoad (13ms)
				ProcessInitializeOnLoadAttributes (102ms)
				ProcessInitializeOnLoadMethodAttributes (39ms)
				AfterProcessingInitializeOnLoad (0ms)
				EditorAssembliesLoaded (0ms)
			ExecutionOrderSort2 (0ms)
			AwakeInstancesAfterBackupRestoration (0ms)
Platform modules already initialized, skipping
Registering precompiled user dll's ...
Registered in 0.007061 seconds.
Begin MonoManager ReloadAssembly
Native extension for WindowsStandalone target not found
Native extension for WebGL target not found
Refreshing native plugins compatible for Editor in 0.60 ms, found 2 plugins.
Preloading 0 native plugins for Editor in 0.00 ms.
Mono: successfully reloaded assembly
- Completed reload, in  3.621 seconds
Domain Reload Profiling:
	ReloadAssembly (3682ms)
		BeginReloadAssembly (174ms)
			ExecutionOrderSort (0ms)
			DisableScriptedObjects (5ms)
			BackupInstance (0ms)
			ReleaseScriptingObjects (0ms)
			CreateAndSetChildDomain (27ms)
		EndReloadAssembly (3163ms)
			LoadAssemblies (1426ms)
			RebuildTransferFunctionScriptingTraits (0ms)
			SetupTypeCache (332ms)
			ReleaseScriptCaches (0ms)
			RebuildScriptCaches (51ms)
			SetupLoadedEditorAssemblies (1192ms)
				LogAssemblyErrors (0ms)
				InitializePlatformSupportModulesInManaged (7ms)
				SetLoadedEditorAssemblies (0ms)
				RefreshPlugins (1ms)
				BeforeProcessingInitializeOnLoad (69ms)
				ProcessInitializeOnLoadAttributes (1102ms)
				ProcessInitializeOnLoadMethodAttributes (4ms)
				AfterProcessingInitializeOnLoad (9ms)
				EditorAssembliesLoaded (0ms)
			ExecutionOrderSort2 (0ms)
			AwakeInstancesAfterBackupRestoration (7ms)
Platform modules already initialized, skipping
========================================================================
Worker process is ready to serve import requests
Launched and connected shader compiler UnityShaderCompiler.exe after 0.42 seconds
Refreshing native plugins compatible for Editor in 0.90 ms, found 2 plugins.
Preloading 0 native plugins for Editor in 0.00 ms.
Unloading 1895 Unused Serialized files (Serialized files now loaded: 0)
System memory in use before: 137.9 MB.
System memory in use after: 137.7 MB.

Unloading 20 unused Assets to reduce memory usage. Loaded Objects now: 2357.
Total: 4.240500 ms (FindLiveObjects: 0.363200 ms CreateObjectMapping: 0.118900 ms MarkObjects: 3.375000 ms  DeleteObjects: 0.381200 ms)

AssetImportParameters requested are different than current active one (requested -> active):
  custom:framework-win-MediaFoundation: 216162199b28c13a410421893ffa2e32 -> 
  custom:video-decoder-ogg-theora: a1e56fd34408186e4bbccfd4996cb3dc -> 
  custom:container-muxer-webm: aa71ff27fc2769a1b78a27578f13a17b -> 
  custom:container-demuxer-webm: 4f35f7cbe854078d1ac9338744f61a02 -> 
  custom:container-demuxer-ogg: 62fdf1f143b41e24485cea50d1cbac27 -> 
  custom:video-encoder-webm-vp8: eb34c28f22e8b96e1ab97ce403110664 -> 
  custom:video-codec-MediaFoundation-h265: 746d11721c4dcdbdad8f713fa42b33f4 -> 
  custom:video-decoder-webm-vp8: 9c59270c3fd7afecdb556c50c9e8de78 -> 
  custom:audio-decoder-ogg-vorbis: bf7c407c2cedff20999df2af8eb42d56 -> 
  custom:audio-encoder-webm-vorbis: bf7c407c2cedff20999df2af8eb42d56 -> 
========================================================================
Received Import Request.
  path: Assets/Meshes/DownDown.fbx
  artifactKey: Guid(150f05246d5a6fa4a967e51e9c266613) Importer(815301076,1909f56bfc062723c751e8b465ee728b)
Start importing Assets/Meshes/DownDown.fbx using Guid(150f05246d5a6fa4a967e51e9c266613) Importer(815301076,1909f56bfc062723c751e8b465ee728b)  -> (artifact id: '6a456d9865296782fb70641f9451e9c6') in 8.255297 seconds 
  Import took 8.259818 seconds .

========================================================================
Received Import Request.
  Time since last request: 0.000512 seconds.
  path: Assets/Meshes/UpDown.fbx
  artifactKey: Guid(0fe425fa477b7c44d90d43a5cd62a8f6) Importer(815301076,1909f56bfc062723c751e8b465ee728b)
Start importing Assets/Meshes/UpDown.fbx using Guid(0fe425fa477b7c44d90d43a5cd62a8f6) Importer(815301076,1909f56bfc062723c751e8b465ee728b)  -> (artifact id: '555eb428ef3ef097cb26614dce2cabcd') in 0.052926 seconds 
  Import took 0.058142 seconds .

========================================================================
Received Import Request.
  Time since last request: 0.000479 seconds.
  path: Assets/minimapRender.renderTexture
  artifactKey: Guid(3288c3dc10026cb44a7e161b162bcce8) Importer(815301076,1909f56bfc062723c751e8b465ee728b)
Start importing Assets/minimapRender.renderTexture using Guid(3288c3dc10026cb44a7e161b162bcce8) Importer(815301076,1909f56bfc062723c751e8b465ee728b)  -> (artifact id: 'a550d2b488d15841f866b4b6b6dec870') in 0.320772 seconds 
  Import took 0.325022 seconds .

========================================================================
Received Import Request.
  Time since last request: 0.002244 seconds.
  path: Assets/Meshes/Wirered.fbx
  artifactKey: Guid(60cdd155319ca4743a811ed1cf456d2c) Importer(815301076,1909f56bfc062723c751e8b465ee728b)
Start importing Assets/Meshes/Wirered.fbx using Guid(60cdd155319ca4743a811ed1cf456d2c) Importer(815301076,1909f56bfc062723c751e8b465ee728b)  -> (artifact id: 'aed2a77b366727f124f913f6aa7ff7da') in 1.277471 seconds 
  Import took 1.283417 seconds .

========================================================================
Received Import Request.
  Time since last request: 0.000390 seconds.
  path: Assets/Meshes
  artifactKey: Guid(416812168a430eb43b4ab5440474fa90) Importer(815301076,1909f56bfc062723c751e8b465ee728b)
Start importing Assets/Meshes using Guid(416812168a430eb43b4ab5440474fa90) Importer(815301076,1909f56bfc062723c751e8b465ee728b)  -> (artifact id: '8f3b49909d908b0175060a5a741c1acd') in 0.006191 seconds 
  Import took 0.013754 seconds .

========================================================================
Received Import Request.
  Time since last request: 0.000659 seconds.
  path: Assets/Meshes/NPNGround.fbx
  artifactKey: Guid(bfc9a7051642e5d44b9e1d6eec108879) Importer(815301076,1909f56bfc062723c751e8b465ee728b)
Start importing Assets/Meshes/NPNGround.fbx using Guid(bfc9a7051642e5d44b9e1d6eec108879) Importer(815301076,1909f56bfc062723c751e8b465ee728b)  -> (artifact id: 'c204547ccab04c6b6c2a7ffdb74673ae') in 0.103293 seconds 
  Import took 0.110825 seconds .

========================================================================
Received Import Request.
  Time since last request: 0.000339 seconds.
  path: Assets/Meshes/ground_updated.fbx
  artifactKey: Guid(af780c526d98b5349850891025fb26cd) Importer(815301076,1909f56bfc062723c751e8b465ee728b)
Start importing Assets/Meshes/ground_updated.fbx using Guid(af780c526d98b5349850891025fb26cd) Importer(815301076,1909f56bfc062723c751e8b465ee728b)  -> (artifact id: '208d23fe20cd21c612570516c15f9c18') in 0.203968 seconds 
  Import took 0.209287 seconds .

========================================================================
Received Import Request.
  Time since last request: 0.000380 seconds.
  path: Assets/Meshes/checkpost.fbx
  artifactKey: Guid(7a68dbc982cf91c4faf7662e6c728409) Importer(815301076,1909f56bfc062723c751e8b465ee728b)
Start importing Assets/Meshes/checkpost.fbx using Guid(7a68dbc982cf91c4faf7662e6c728409) Importer(815301076,1909f56bfc062723c751e8b465ee728b)  -> (artifact id: 'e75cf7ab22f2b92c27aeb490da475833') in 0.181737 seconds 
  Import took 0.185993 seconds .

========================================================================
Received Import Request.
  Time since last request: 0.000364 seconds.
  path: Assets/Meshes/NPN_Updated_active.fbx
  artifactKey: Guid(5490d71a305f3c941b486a29bdf04dae) Importer(815301076,1909f56bfc062723c751e8b465ee728b)
Start importing Assets/Meshes/NPN_Updated_active.fbx using Guid(5490d71a305f3c941b486a29bdf04dae) Importer(815301076,1909f56bfc062723c751e8b465ee728b)  -> (artifact id: 'f5f803bf991a5be94220dd08a4928a20') in 0.052786 seconds 
  Import took 0.056896 seconds .

========================================================================
Received Import Request.
  Time since last request: 0.000303 seconds.
  path: Assets/Meshes/final_npn_track.fbx
  artifactKey: Guid(09d2fab7d77d3c7429baca292824aaec) Importer(815301076,1909f56bfc062723c751e8b465ee728b)
Start importing Assets/Meshes/final_npn_track.fbx using Guid(09d2fab7d77d3c7429baca292824aaec) Importer(815301076,1909f56bfc062723c751e8b465ee728b)  -> (artifact id: '93e689994c4903594e04d8763af714e7') in 0.094197 seconds 
  Import took 0.099611 seconds .

========================================================================
Received Import Request.
  Time since last request: 0.001132 seconds.
  path: Assets/Meshes/Wirewhite.fbx
  artifactKey: Guid(6b850e08de65b3e479f8b4fa75b5a68a) Importer(815301076,1909f56bfc062723c751e8b465ee728b)
Start importing Assets/Meshes/Wirewhite.fbx using Guid(6b850e08de65b3e479f8b4fa75b5a68a) Importer(815301076,1909f56bfc062723c751e8b465ee728b)  -> (artifact id: '460f9fe1a4326f3d61289b25089c4279') in 0.079032 seconds 
  Import took 0.085536 seconds .

========================================================================
Received Import Request.
  Time since last request: 0.000285 seconds.
  path: Assets/Meshes/DownUp.fbx
  artifactKey: Guid(7c06d1ad61b1cc94597411eb7fe04b72) Importer(815301076,1909f56bfc062723c751e8b465ee728b)
Start importing Assets/Meshes/DownUp.fbx using Guid(7c06d1ad61b1cc94597411eb7fe04b72) Importer(815301076,1909f56bfc062723c751e8b465ee728b)  -> (artifact id: '6f1cf038a58204ac329365c3af40ee58') in 0.038789 seconds 
  Import took 0.045055 seconds .

========================================================================
Received Import Request.
  Time since last request: 0.001251 seconds.
  path: Assets/Meshes/Wireblack.fbx
  artifactKey: Guid(e827099ade578f441954f6d812ca941a) Importer(815301076,1909f56bfc062723c751e8b465ee728b)
Start importing Assets/Meshes/Wireblack.fbx using Guid(e827099ade578f441954f6d812ca941a) Importer(815301076,1909f56bfc062723c751e8b465ee728b)  -> (artifact id: 'f81b9155ebeb5f4bc0b30c60b8d45189') in 0.076829 seconds 
  Import took 0.082143 seconds .

========================================================================
Received Import Request.
  Time since last request: 0.000264 seconds.
  path: Assets/Meshes/Wireblue.fbx
  artifactKey: Guid(5ed66b31827e6604998062ee10037749) Importer(815301076,1909f56bfc062723c751e8b465ee728b)
Start importing Assets/Meshes/Wireblue.fbx using Guid(5ed66b31827e6604998062ee10037749) Importer(815301076,1909f56bfc062723c751e8b465ee728b)  -> (artifact id: '670eb74bddd9a4118741daaa2c102d33') in 0.171148 seconds 
  Import took 0.175167 seconds .

========================================================================
Received Import Request.
  Time since last request: 32.513908 seconds.
  path: Assets/Scenes/LoginScene.unity
  artifactKey: Guid(8ecad90c8eb2fdf4896fa88b65583d6e) Importer(815301076,1909f56bfc062723c751e8b465ee728b)
Start importing Assets/Scenes/LoginScene.unity using Guid(8ecad90c8eb2fdf4896fa88b65583d6e) Importer(815301076,1909f56bfc062723c751e8b465ee728b)  -> (artifact id: 'd0e14533bb6e7b7d99ad818abedd0414') in 0.041042 seconds 
  Import took 0.044840 seconds .

AssetImportWorkerClient::OnTransportError - code=2 error=End of file
