Using pre-set license
Built from '2020.3/staging' branch; Version is '2020.3.17f1 (a4537701e4ab) revision 10769271'; Using compiler version '192528614'; Build Type 'Release'
OS: 'Windows 10 Home Single Language; OS build 19043.1526; Version 2009; 64bit' Language: 'en' Physical Memory: 8068 MB
BatchMode: 1, IsHumanControllingUs: 0, StartBugReporterOnCrash: 0, Is64bit: 1, IsPro: 0

COMMAND LINE ARGUMENTS:
C:\Program Files\Unity\Hub\Editor\2020.3.17f1\Editor\Unity.exe
-adb2
-batchMode
-noUpm
-name
AssetImportWorker7
-projectPath
C:/Users/akv shanta/Desktop/Projects/Design Credit/BJTT/BJT Rider
-logFile
Logs/AssetImportWorker7.log
-srvPort
58634
Successfully changed project path to: C:/Users/akv shanta/Desktop/Projects/Design Credit/BJTT/BJT Rider
C:/Users/akv shanta/Desktop/Projects/Design Credit/BJTT/BJT Rider
Using Asset Import Pipeline V2.
Refreshing native plugins compatible for Editor in 248.70 ms, found 2 plugins.
Preloading 0 native plugins for Editor in 0.00 ms.
Initialize engine version: 2020.3.17f1 (a4537701e4ab)
[Subsystems] Discovering subsystems at path C:/Program Files/Unity/Hub/Editor/2020.3.17f1/Editor/Data/Resources/UnitySubsystems
[Subsystems] Discovering subsystems at path C:/Users/akv shanta/Desktop/Projects/Design Credit/BJTT/BJT Rider/Assets
GfxDevice: creating device client; threaded=0
Direct3D:
    Version:  Direct3D 11.0 [level 11.1]
    Renderer: Intel(R) UHD Graphics 620 (ID=0x3ea0)
    Vendor:   
    VRAM:     4034 MB
    Driver:   27.20.100.9664
Initialize mono
Mono path[0] = 'C:/Program Files/Unity/Hub/Editor/2020.3.17f1/Editor/Data/Managed'
Mono path[1] = 'C:/Program Files/Unity/Hub/Editor/2020.3.17f1/Editor/Data/MonoBleedingEdge/lib/mono/unityjit'
Mono config path = 'C:/Program Files/Unity/Hub/Editor/2020.3.17f1/Editor/Data/MonoBleedingEdge/etc'
Using monoOptions --debugger-agent=transport=dt_socket,embedding=1,server=y,suspend=n,address=127.0.0.1:56952
Begin MonoManager ReloadAssembly
Registering precompiled unity dll's ...
Register platform support module: C:/Program Files/Unity/Hub/Editor/2020.3.17f1/Editor/Data/PlaybackEngines/WebGLSupport/UnityEditor.WebGL.Extensions.dll
Register platform support module: C:/Program Files/Unity/Hub/Editor/2020.3.17f1/Editor/Data/PlaybackEngines/WindowsStandaloneSupport/UnityEditor.WindowsStandalone.Extensions.dll
Registered in 0.007747 seconds.
Native extension for WindowsStandalone target not found
Native extension for WebGL target not found
Refreshing native plugins compatible for Editor in 170.36 ms, found 2 plugins.
Preloading 0 native plugins for Editor in 0.00 ms.
Mono: successfully reloaded assembly
- Completed reload, in  3.894 seconds
Domain Reload Profiling:
	ReloadAssembly (3895ms)
		BeginReloadAssembly (169ms)
			ExecutionOrderSort (0ms)
			DisableScriptedObjects (0ms)
			BackupInstance (0ms)
			ReleaseScriptingObjects (0ms)
			CreateAndSetChildDomain (2ms)
		EndReloadAssembly (1319ms)
			LoadAssemblies (163ms)
			RebuildTransferFunctionScriptingTraits (0ms)
			SetupTypeCache (426ms)
			ReleaseScriptCaches (0ms)
			RebuildScriptCaches (104ms)
			SetupLoadedEditorAssemblies (596ms)
				LogAssemblyErrors (0ms)
				InitializePlatformSupportModulesInManaged (14ms)
				SetLoadedEditorAssemblies (1ms)
				RefreshPlugins (171ms)
				BeforeProcessingInitializeOnLoad (31ms)
				ProcessInitializeOnLoadAttributes (272ms)
				ProcessInitializeOnLoadMethodAttributes (106ms)
				AfterProcessingInitializeOnLoad (0ms)
				EditorAssembliesLoaded (1ms)
			ExecutionOrderSort2 (0ms)
			AwakeInstancesAfterBackupRestoration (0ms)
Platform modules already initialized, skipping
Registering precompiled user dll's ...
Registered in 0.027204 seconds.
Begin MonoManager ReloadAssembly
Native extension for WindowsStandalone target not found
Native extension for WebGL target not found
Refreshing native plugins compatible for Editor in 1.85 ms, found 2 plugins.
Preloading 0 native plugins for Editor in 0.00 ms.
Mono: successfully reloaded assembly
- Completed reload, in  9.349 seconds
Domain Reload Profiling:
	ReloadAssembly (9353ms)
		BeginReloadAssembly (586ms)
			ExecutionOrderSort (0ms)
			DisableScriptedObjects (24ms)
			BackupInstance (0ms)
			ReleaseScriptingObjects (0ms)
			CreateAndSetChildDomain (60ms)
		EndReloadAssembly (8397ms)
			LoadAssemblies (2260ms)
			RebuildTransferFunctionScriptingTraits (0ms)
			SetupTypeCache (1432ms)
			ReleaseScriptCaches (1ms)
			RebuildScriptCaches (203ms)
			SetupLoadedEditorAssemblies (4156ms)
				LogAssemblyErrors (0ms)
				InitializePlatformSupportModulesInManaged (23ms)
				SetLoadedEditorAssemblies (2ms)
				RefreshPlugins (2ms)
				BeforeProcessingInitializeOnLoad (190ms)
				ProcessInitializeOnLoadAttributes (3906ms)
				ProcessInitializeOnLoadMethodAttributes (10ms)
				AfterProcessingInitializeOnLoad (23ms)
				EditorAssembliesLoaded (1ms)
			ExecutionOrderSort2 (0ms)
			AwakeInstancesAfterBackupRestoration (21ms)
Platform modules already initialized, skipping
========================================================================
Worker process is ready to serve import requests
Launched and connected shader compiler UnityShaderCompiler.exe after 0.66 seconds
Refreshing native plugins compatible for Editor in 2.80 ms, found 2 plugins.
Preloading 0 native plugins for Editor in 0.00 ms.
Unloading 1658 Unused Serialized files (Serialized files now loaded: 0)
System memory in use before: 107.5 MB.
System memory in use after: 107.2 MB.

Unloading 20 unused Assets to reduce memory usage. Loaded Objects now: 2124.
Total: 16.648600 ms (FindLiveObjects: 2.155400 ms CreateObjectMapping: 0.362100 ms MarkObjects: 12.322100 ms  DeleteObjects: 1.802700 ms)

AssetImportParameters requested are different than current active one (requested -> active):
  custom:framework-win-MediaFoundation: 216162199b28c13a410421893ffa2e32 -> 
  custom:video-decoder-ogg-theora: a1e56fd34408186e4bbccfd4996cb3dc -> 
  custom:container-muxer-webm: aa71ff27fc2769a1b78a27578f13a17b -> 
  custom:container-demuxer-webm: 4f35f7cbe854078d1ac9338744f61a02 -> 
  custom:container-demuxer-ogg: 62fdf1f143b41e24485cea50d1cbac27 -> 
  custom:video-encoder-webm-vp8: eb34c28f22e8b96e1ab97ce403110664 -> 
  custom:video-codec-MediaFoundation-h265: 746d11721c4dcdbdad8f713fa42b33f4 -> 
  custom:video-decoder-webm-vp8: 9c59270c3fd7afecdb556c50c9e8de78 -> 
  custom:audio-decoder-ogg-vorbis: bf7c407c2cedff20999df2af8eb42d56 -> 
  custom:audio-encoder-webm-vorbis: bf7c407c2cedff20999df2af8eb42d56 -> 
========================================================================
Received Import Request.
  path: Assets/Scenes/NPNActiveTrack.unity
  artifactKey: Guid(9fc0d4010bbf28b4594072e72b8655ab) Importer(815301076,1909f56bfc062723c751e8b465ee728b)
Start importing Assets/Scenes/NPNActiveTrack.unity using Guid(9fc0d4010bbf28b4594072e72b8655ab) Importer(815301076,1909f56bfc062723c751e8b465ee728b)  -> (artifact id: '61fd1e633eb0bcd92b4d7d0c40cefbea') in 0.100154 seconds 
  Import took 0.151220 seconds .

========================================================================
Received Prepare
Registering precompiled user dll's ...
Registered in 0.008445 seconds.
Begin MonoManager ReloadAssembly
Native extension for WindowsStandalone target not found
Native extension for WebGL target not found
Refreshing native plugins compatible for Editor in 1.75 ms, found 2 plugins.
Preloading 0 native plugins for Editor in 0.00 ms.
Mono: successfully reloaded assembly
- Completed reload, in  3.755 seconds
Domain Reload Profiling:
	ReloadAssembly (3756ms)
		BeginReloadAssembly (194ms)
			ExecutionOrderSort (0ms)
			DisableScriptedObjects (8ms)
			BackupInstance (0ms)
			ReleaseScriptingObjects (0ms)
			CreateAndSetChildDomain (58ms)
		EndReloadAssembly (3429ms)
			LoadAssemblies (156ms)
			RebuildTransferFunctionScriptingTraits (0ms)
			SetupTypeCache (530ms)
			ReleaseScriptCaches (2ms)
			RebuildScriptCaches (137ms)
			SetupLoadedEditorAssemblies (2177ms)
				LogAssemblyErrors (0ms)
				InitializePlatformSupportModulesInManaged (13ms)
				SetLoadedEditorAssemblies (2ms)
				RefreshPlugins (2ms)
				BeforeProcessingInitializeOnLoad (142ms)
				ProcessInitializeOnLoadAttributes (1987ms)
				ProcessInitializeOnLoadMethodAttributes (10ms)
				AfterProcessingInitializeOnLoad (20ms)
				EditorAssembliesLoaded (1ms)
			ExecutionOrderSort2 (0ms)
			AwakeInstancesAfterBackupRestoration (23ms)
Platform modules already initialized, skipping
Refreshing native plugins compatible for Editor in 1.85 ms, found 2 plugins.
Preloading 0 native plugins for Editor in 0.00 ms.
Unloading 1577 Unused Serialized files (Serialized files now loaded: 0)
System memory in use before: 100.0 MB.
System memory in use after: 99.8 MB.

Unloading 15 unused Assets to reduce memory usage. Loaded Objects now: 2127.
Total: 14.777100 ms (FindLiveObjects: 0.816900 ms CreateObjectMapping: 0.321600 ms MarkObjects: 11.911400 ms  DeleteObjects: 1.721200 ms)

AssetImportParameters requested are different than current active one (requested -> active):
  custom:framework-win-MediaFoundation: 216162199b28c13a410421893ffa2e32 -> 
  custom:video-decoder-ogg-theora: a1e56fd34408186e4bbccfd4996cb3dc -> 
  custom:container-muxer-webm: aa71ff27fc2769a1b78a27578f13a17b -> 
  custom:container-demuxer-webm: 4f35f7cbe854078d1ac9338744f61a02 -> 
  custom:container-demuxer-ogg: 62fdf1f143b41e24485cea50d1cbac27 -> 
  custom:video-encoder-webm-vp8: eb34c28f22e8b96e1ab97ce403110664 -> 
  custom:video-codec-MediaFoundation-h265: 746d11721c4dcdbdad8f713fa42b33f4 -> 
  custom:video-decoder-webm-vp8: 9c59270c3fd7afecdb556c50c9e8de78 -> 
  custom:audio-decoder-ogg-vorbis: bf7c407c2cedff20999df2af8eb42d56 -> 
  custom:audio-encoder-webm-vorbis: bf7c407c2cedff20999df2af8eb42d56 -> 
========================================================================
Received Import Request.
  Time since last request: 294.631246 seconds.
  path: Assets/simple UI & icons/icons/icon_01.png
  artifactKey: Guid(8f9f91a1bccbc7242b4c42bb7ae4e3d2) Importer(815301076,1909f56bfc062723c751e8b465ee728b)
Start importing Assets/simple UI & icons/icons/icon_01.png using Guid(8f9f91a1bccbc7242b4c42bb7ae4e3d2) Importer(815301076,1909f56bfc062723c751e8b465ee728b)  -> (artifact id: 'c7a7d37442d21e9f70543b0d983522a3') in 0.856790 seconds 
  Import took 0.916206 seconds .

========================================================================
Received Import Request.
  Time since last request: 0.001196 seconds.
  path: Assets/simple UI & icons/icons/icon_07.png
  artifactKey: Guid(4c6ff0803aeb5d1418f145597c16d05e) Importer(815301076,1909f56bfc062723c751e8b465ee728b)
Start importing Assets/simple UI & icons/icons/icon_07.png using Guid(4c6ff0803aeb5d1418f145597c16d05e) Importer(815301076,1909f56bfc062723c751e8b465ee728b)  -> (artifact id: 'e2dfcc02496d053e857d6a07987c9f7c') in 0.060457 seconds 
  Import took 0.135633 seconds .

========================================================================
Received Import Request.
  Time since last request: 0.000963 seconds.
  path: Assets/simple UI & icons/icons/icon_05.png
  artifactKey: Guid(e36d0c8caa3e8a64187ebb71b1c589b6) Importer(815301076,1909f56bfc062723c751e8b465ee728b)
Start importing Assets/simple UI & icons/icons/icon_05.png using Guid(e36d0c8caa3e8a64187ebb71b1c589b6) Importer(815301076,1909f56bfc062723c751e8b465ee728b)  -> (artifact id: '6c24e341e1ade1bef1fdd11322ed9c4e') in 0.079276 seconds 
  Import took 0.123591 seconds .

========================================================================
Received Import Request.
  Time since last request: 0.000873 seconds.
  path: Assets/simple UI & icons/icons/icon_03.png
  artifactKey: Guid(a1159ed9b89dbe04ba0056251e64e58a) Importer(815301076,1909f56bfc062723c751e8b465ee728b)
Start importing Assets/simple UI & icons/icons/icon_03.png using Guid(a1159ed9b89dbe04ba0056251e64e58a) Importer(815301076,1909f56bfc062723c751e8b465ee728b)  -> (artifact id: 'dffeabea913b0a9520c7c401a2ed33e8') in 0.175957 seconds 
  Import took 0.226297 seconds .

========================================================================
Received Import Request.
  Time since last request: 0.000579 seconds.
  path: Assets/simple UI & icons/icons/icon_04.png
  artifactKey: Guid(8a394ad1372b8294f99ad9d2c33f59ad) Importer(815301076,1909f56bfc062723c751e8b465ee728b)
Start importing Assets/simple UI & icons/icons/icon_04.png using Guid(8a394ad1372b8294f99ad9d2c33f59ad) Importer(815301076,1909f56bfc062723c751e8b465ee728b)  -> (artifact id: '11974fc428b77d004d0bcb55fb7818a4') in 0.128886 seconds 
  Import took 0.173858 seconds .

========================================================================
Received Import Request.
  Time since last request: 0.000978 seconds.
  path: Assets/simple UI & icons/icons/icon_08.png
  artifactKey: Guid(b9907cd3f24a4544a9c6be4152badfde) Importer(815301076,1909f56bfc062723c751e8b465ee728b)
Start importing Assets/simple UI & icons/icons/icon_08.png using Guid(b9907cd3f24a4544a9c6be4152badfde) Importer(815301076,1909f56bfc062723c751e8b465ee728b)  -> (artifact id: 'eecfc2fc2a81027660984aff6c34f932') in 0.083224 seconds 
  Import took 0.142526 seconds .

========================================================================
Received Import Request.
  Time since last request: 0.001536 seconds.
  path: Assets/simple UI & icons/icons/icon_09.png
  artifactKey: Guid(fdd93a52409cf69489c9a92d23b18759) Importer(815301076,1909f56bfc062723c751e8b465ee728b)
Start importing Assets/simple UI & icons/icons/icon_09.png using Guid(fdd93a52409cf69489c9a92d23b18759) Importer(815301076,1909f56bfc062723c751e8b465ee728b)  -> (artifact id: '94072f52aed5d9d264ac719da19c2d74') in 0.088443 seconds 
  Import took 0.130201 seconds .

========================================================================
Received Import Request.
  Time since last request: 0.000640 seconds.
  path: Assets/simple UI & icons/icons/icon_10.png
  artifactKey: Guid(24d91ca91631e4c4da0691901c74ffb1) Importer(815301076,1909f56bfc062723c751e8b465ee728b)
Start importing Assets/simple UI & icons/icons/icon_10.png using Guid(24d91ca91631e4c4da0691901c74ffb1) Importer(815301076,1909f56bfc062723c751e8b465ee728b)  -> (artifact id: '19107b54c0ad5fb3de3e4ce598ea40ec') in 0.111663 seconds 
  Import took 0.139780 seconds .

========================================================================
Received Import Request.
  Time since last request: 0.001564 seconds.
  path: Assets/simple UI & icons/icons/icon_02.png
  artifactKey: Guid(484708ad00772824c8ff678c35cd3ded) Importer(815301076,1909f56bfc062723c751e8b465ee728b)
Start importing Assets/simple UI & icons/icons/icon_02.png using Guid(484708ad00772824c8ff678c35cd3ded) Importer(815301076,1909f56bfc062723c751e8b465ee728b)  -> (artifact id: '16f2d99808114280ab189af507354916') in 0.114162 seconds 
  Import took 0.155966 seconds .

========================================================================
Received Import Request.
  Time since last request: 0.000457 seconds.
  path: Assets/simple UI & icons/icons/icon_06.png
  artifactKey: Guid(aea0e8f6213c7c44cb8c3e6204459bcc) Importer(815301076,1909f56bfc062723c751e8b465ee728b)
Start importing Assets/simple UI & icons/icons/icon_06.png using Guid(aea0e8f6213c7c44cb8c3e6204459bcc) Importer(815301076,1909f56bfc062723c751e8b465ee728b)  -> (artifact id: '69c3d414f2d8bd423a15e574871147d2') in 0.072824 seconds 
  Import took 0.115338 seconds .

========================================================================
Received Prepare
Registering precompiled user dll's ...
Registered in 0.008518 seconds.
Begin MonoManager ReloadAssembly
Native extension for WindowsStandalone target not found
Native extension for WebGL target not found
Refreshing native plugins compatible for Editor in 1.59 ms, found 2 plugins.
Preloading 0 native plugins for Editor in 0.00 ms.
Mono: successfully reloaded assembly
- Completed reload, in  3.406 seconds
Domain Reload Profiling:
	ReloadAssembly (3407ms)
		BeginReloadAssembly (198ms)
			ExecutionOrderSort (0ms)
			DisableScriptedObjects (11ms)
			BackupInstance (0ms)
			ReleaseScriptingObjects (0ms)
			CreateAndSetChildDomain (56ms)
		EndReloadAssembly (3009ms)
			LoadAssemblies (161ms)
			RebuildTransferFunctionScriptingTraits (0ms)
			SetupTypeCache (510ms)
			ReleaseScriptCaches (1ms)
			RebuildScriptCaches (82ms)
			SetupLoadedEditorAssemblies (1905ms)
				LogAssemblyErrors (0ms)
				InitializePlatformSupportModulesInManaged (18ms)
				SetLoadedEditorAssemblies (2ms)
				RefreshPlugins (2ms)
				BeforeProcessingInitializeOnLoad (152ms)
				ProcessInitializeOnLoadAttributes (1697ms)
				ProcessInitializeOnLoadMethodAttributes (9ms)
				AfterProcessingInitializeOnLoad (24ms)
				EditorAssembliesLoaded (1ms)
			ExecutionOrderSort2 (0ms)
			AwakeInstancesAfterBackupRestoration (23ms)
Platform modules already initialized, skipping
Refreshing native plugins compatible for Editor in 1.16 ms, found 2 plugins.
Preloading 0 native plugins for Editor in 0.00 ms.
Unloading 1577 Unused Serialized files (Serialized files now loaded: 0)
System memory in use before: 100.0 MB.
System memory in use after: 99.8 MB.

Unloading 15 unused Assets to reduce memory usage. Loaded Objects now: 2134.
Total: 8.020900 ms (FindLiveObjects: 0.436200 ms CreateObjectMapping: 0.173300 ms MarkObjects: 6.639800 ms  DeleteObjects: 0.767900 ms)

AssetImportParameters requested are different than current active one (requested -> active):
  custom:framework-win-MediaFoundation: 216162199b28c13a410421893ffa2e32 -> 
  custom:video-decoder-ogg-theora: a1e56fd34408186e4bbccfd4996cb3dc -> 
  custom:container-muxer-webm: aa71ff27fc2769a1b78a27578f13a17b -> 
  custom:container-demuxer-webm: 4f35f7cbe854078d1ac9338744f61a02 -> 
  custom:container-demuxer-ogg: 62fdf1f143b41e24485cea50d1cbac27 -> 
  custom:video-encoder-webm-vp8: eb34c28f22e8b96e1ab97ce403110664 -> 
  custom:video-codec-MediaFoundation-h265: 746d11721c4dcdbdad8f713fa42b33f4 -> 
  custom:video-decoder-webm-vp8: 9c59270c3fd7afecdb556c50c9e8de78 -> 
  custom:audio-decoder-ogg-vorbis: bf7c407c2cedff20999df2af8eb42d56 -> 
  custom:audio-encoder-webm-vorbis: bf7c407c2cedff20999df2af8eb42d56 -> 
========================================================================
Received Import Request.
  Time since last request: 60.100084 seconds.
  path: Assets/Scenes/NPNCutoff.unity
  artifactKey: Guid(f6b3a1ce4f477ac4094d843d0a1acf95) Importer(815301076,1909f56bfc062723c751e8b465ee728b)
Start importing Assets/Scenes/NPNCutoff.unity using Guid(f6b3a1ce4f477ac4094d843d0a1acf95) Importer(815301076,1909f56bfc062723c751e8b465ee728b)  -> (artifact id: 'd9a8b8ceba208d3fe3fa595ebdeb210e') in 0.072690 seconds 
  Import took 0.114153 seconds .

========================================================================
Received Import Request.
  Time since last request: 122.878286 seconds.
  path: Assets/Scenes/NPNSaturation.unity
  artifactKey: Guid(ba9749ed9e820604eade14ceba85c37f) Importer(815301076,1909f56bfc062723c751e8b465ee728b)
Start importing Assets/Scenes/NPNSaturation.unity using Guid(ba9749ed9e820604eade14ceba85c37f) Importer(815301076,1909f56bfc062723c751e8b465ee728b)  -> (artifact id: '9f8b3a7824e716aefa73c749e7192e8a') in 0.088058 seconds 
  Import took 0.147286 seconds .

========================================================================
Received Import Request.
  Time since last request: 89.312402 seconds.
  path: Assets/Scenes/PNPActive.unity
  artifactKey: Guid(997f86d99f123d741b46ec6bcac80346) Importer(815301076,1909f56bfc062723c751e8b465ee728b)
Start importing Assets/Scenes/PNPActive.unity using Guid(997f86d99f123d741b46ec6bcac80346) Importer(815301076,1909f56bfc062723c751e8b465ee728b)  -> (artifact id: '53c8a222238fded7e3b6418a882228cf') in 0.086444 seconds 
  Import took 0.125027 seconds .

========================================================================
Received Import Request.
  Time since last request: 182.151529 seconds.
  path: Assets/Scenes/PNPCutoff.unity
  artifactKey: Guid(a6c10a99cd639d845bc4240d1ab7d985) Importer(815301076,1909f56bfc062723c751e8b465ee728b)
Start importing Assets/Scenes/PNPCutoff.unity using Guid(a6c10a99cd639d845bc4240d1ab7d985) Importer(815301076,1909f56bfc062723c751e8b465ee728b)  -> (artifact id: 'ba35b5d3298160787583380266b14282') in 0.018701 seconds 
  Import took 0.058759 seconds .

========================================================================
Received Import Request.
  Time since last request: 72.148422 seconds.
  path: Assets/Scenes/PNPSaturation.unity
  artifactKey: Guid(fd5b4ba9a64c5ff439ae3facdf872b02) Importer(815301076,1909f56bfc062723c751e8b465ee728b)
Start importing Assets/Scenes/PNPSaturation.unity using Guid(fd5b4ba9a64c5ff439ae3facdf872b02) Importer(815301076,1909f56bfc062723c751e8b465ee728b)  -> (artifact id: 'fb9e7874808abd000efca52e1c9afcc7') in 0.047618 seconds 
  Import took 0.078224 seconds .

========================================================================
Received Import Request.
  Time since last request: 178.503052 seconds.
  path: Assets/Scenes/LoginScene.unity
  artifactKey: Guid(8ecad90c8eb2fdf4896fa88b65583d6e) Importer(815301076,1909f56bfc062723c751e8b465ee728b)
Start importing Assets/Scenes/LoginScene.unity using Guid(8ecad90c8eb2fdf4896fa88b65583d6e) Importer(815301076,1909f56bfc062723c751e8b465ee728b)  -> (artifact id: 'd0e14533bb6e7b7d99ad818abedd0414') in 0.086078 seconds 
  Import took 0.124619 seconds .

========================================================================
Received Prepare
Refreshing native plugins compatible for Editor in 4.31 ms, found 2 plugins.
Preloading 0 native plugins for Editor in 0.00 ms.
Unloading 12 Unused Serialized files (Serialized files now loaded: 0)
System memory in use before: 69.0 MB.
System memory in use after: 68.8 MB.

Unloading 12 unused Assets to reduce memory usage. Loaded Objects now: 2134.
Total: 4.307500 ms (FindLiveObjects: 0.182200 ms CreateObjectMapping: 0.057200 ms MarkObjects: 3.747300 ms  DeleteObjects: 0.319500 ms)

AssetImportParameters requested are different than current active one (requested -> active):
  custom:framework-win-MediaFoundation: 216162199b28c13a410421893ffa2e32 -> 
  custom:video-decoder-ogg-theora: a1e56fd34408186e4bbccfd4996cb3dc -> 
  custom:container-muxer-webm: aa71ff27fc2769a1b78a27578f13a17b -> 
  custom:container-demuxer-webm: 4f35f7cbe854078d1ac9338744f61a02 -> 
  custom:container-demuxer-ogg: 62fdf1f143b41e24485cea50d1cbac27 -> 
  custom:video-encoder-webm-vp8: eb34c28f22e8b96e1ab97ce403110664 -> 
  custom:video-codec-MediaFoundation-h265: 746d11721c4dcdbdad8f713fa42b33f4 -> 
  custom:video-decoder-webm-vp8: 9c59270c3fd7afecdb556c50c9e8de78 -> 
  custom:audio-decoder-ogg-vorbis: bf7c407c2cedff20999df2af8eb42d56 -> 
  custom:audio-encoder-webm-vorbis: bf7c407c2cedff20999df2af8eb42d56 -> 
========================================================================
Received Import Request.
  Time since last request: 320.407011 seconds.
  path: Assets/Scenes/NPNActiveTrack.unity
  artifactKey: Guid(9fc0d4010bbf28b4594072e72b8655ab) Importer(815301076,1909f56bfc062723c751e8b465ee728b)
Start importing Assets/Scenes/NPNActiveTrack.unity using Guid(9fc0d4010bbf28b4594072e72b8655ab) Importer(815301076,1909f56bfc062723c751e8b465ee728b)  -> (artifact id: 'e1fe599e5e1242553bd11b4c8afa177d') in 0.008573 seconds 
  Import took 0.113140 seconds .

========================================================================
Received Import Request.
  Time since last request: 494.951104 seconds.
  path: Assets/Scenes/NPNActiveTrack.unity
  artifactKey: Guid(9fc0d4010bbf28b4594072e72b8655ab) Importer(815301076,1909f56bfc062723c751e8b465ee728b)
Start importing Assets/Scenes/NPNActiveTrack.unity using Guid(9fc0d4010bbf28b4594072e72b8655ab) Importer(815301076,1909f56bfc062723c751e8b465ee728b)  -> (artifact id: 'edc8a71f7a38a4052a50e2f7abf368ef') in 0.004104 seconds 
  Import took 0.035869 seconds .

========================================================================
Received Prepare
Refreshing native plugins compatible for Editor in 4.95 ms, found 2 plugins.
Preloading 0 native plugins for Editor in 0.00 ms.
Unloading 12 Unused Serialized files (Serialized files now loaded: 0)
System memory in use before: 69.0 MB.
System memory in use after: 68.8 MB.

Unloading 12 unused Assets to reduce memory usage. Loaded Objects now: 2134.
Total: 4.693900 ms (FindLiveObjects: 0.230800 ms CreateObjectMapping: 0.067900 ms MarkObjects: 4.040900 ms  DeleteObjects: 0.352400 ms)

AssetImportParameters requested are different than current active one (requested -> active):
  custom:framework-win-MediaFoundation: 216162199b28c13a410421893ffa2e32 -> 
  custom:video-decoder-ogg-theora: a1e56fd34408186e4bbccfd4996cb3dc -> 
  custom:container-muxer-webm: aa71ff27fc2769a1b78a27578f13a17b -> 
  custom:container-demuxer-webm: 4f35f7cbe854078d1ac9338744f61a02 -> 
  custom:container-demuxer-ogg: 62fdf1f143b41e24485cea50d1cbac27 -> 
  custom:video-encoder-webm-vp8: eb34c28f22e8b96e1ab97ce403110664 -> 
  custom:video-codec-MediaFoundation-h265: 746d11721c4dcdbdad8f713fa42b33f4 -> 
  custom:video-decoder-webm-vp8: 9c59270c3fd7afecdb556c50c9e8de78 -> 
  custom:audio-decoder-ogg-vorbis: bf7c407c2cedff20999df2af8eb42d56 -> 
  custom:audio-encoder-webm-vorbis: bf7c407c2cedff20999df2af8eb42d56 -> 
========================================================================
Received Prepare
Registering precompiled user dll's ...
Registered in 0.005322 seconds.
Begin MonoManager ReloadAssembly
Native extension for WindowsStandalone target not found
Native extension for WebGL target not found
Refreshing native plugins compatible for Editor in 0.52 ms, found 2 plugins.
Preloading 0 native plugins for Editor in 0.00 ms.
Mono: successfully reloaded assembly
- Completed reload, in  2.112 seconds
Domain Reload Profiling:
	ReloadAssembly (2114ms)
		BeginReloadAssembly (821ms)
			ExecutionOrderSort (0ms)
			DisableScriptedObjects (181ms)
			BackupInstance (0ms)
			ReleaseScriptingObjects (0ms)
			CreateAndSetChildDomain (403ms)
		EndReloadAssembly (1221ms)
			LoadAssemblies (116ms)
			RebuildTransferFunctionScriptingTraits (0ms)
			SetupTypeCache (318ms)
			ReleaseScriptCaches (1ms)
			RebuildScriptCaches (42ms)
			SetupLoadedEditorAssemblies (642ms)
				LogAssemblyErrors (0ms)
				InitializePlatformSupportModulesInManaged (7ms)
				SetLoadedEditorAssemblies (1ms)
				RefreshPlugins (1ms)
				BeforeProcessingInitializeOnLoad (60ms)
				ProcessInitializeOnLoadAttributes (562ms)
				ProcessInitializeOnLoadMethodAttributes (4ms)
				AfterProcessingInitializeOnLoad (8ms)
				EditorAssembliesLoaded (0ms)
			ExecutionOrderSort2 (0ms)
			AwakeInstancesAfterBackupRestoration (9ms)
Platform modules already initialized, skipping
Refreshing native plugins compatible for Editor in 0.58 ms, found 2 plugins.
Preloading 0 native plugins for Editor in 0.00 ms.
Unloading 1577 Unused Serialized files (Serialized files now loaded: 0)
System memory in use before: 100.1 MB.
System memory in use after: 99.9 MB.

Unloading 15 unused Assets to reduce memory usage. Loaded Objects now: 2137.
Total: 4.076600 ms (FindLiveObjects: 0.191600 ms CreateObjectMapping: 0.052100 ms MarkObjects: 3.488400 ms  DeleteObjects: 0.342600 ms)

AssetImportParameters requested are different than current active one (requested -> active):
  custom:framework-win-MediaFoundation: 216162199b28c13a410421893ffa2e32 -> 
  custom:video-decoder-ogg-theora: a1e56fd34408186e4bbccfd4996cb3dc -> 
  custom:container-muxer-webm: aa71ff27fc2769a1b78a27578f13a17b -> 
  custom:container-demuxer-webm: 4f35f7cbe854078d1ac9338744f61a02 -> 
  custom:container-demuxer-ogg: 62fdf1f143b41e24485cea50d1cbac27 -> 
  custom:video-encoder-webm-vp8: eb34c28f22e8b96e1ab97ce403110664 -> 
  custom:video-codec-MediaFoundation-h265: 746d11721c4dcdbdad8f713fa42b33f4 -> 
  custom:video-decoder-webm-vp8: 9c59270c3fd7afecdb556c50c9e8de78 -> 
  custom:audio-decoder-ogg-vorbis: bf7c407c2cedff20999df2af8eb42d56 -> 
  custom:audio-encoder-webm-vorbis: bf7c407c2cedff20999df2af8eb42d56 -> 
========================================================================
Received Prepare
Refreshing native plugins compatible for Editor in 3.86 ms, found 2 plugins.
Preloading 0 native plugins for Editor in 0.00 ms.
Unloading 12 Unused Serialized files (Serialized files now loaded: 0)
System memory in use before: 69.0 MB.
System memory in use after: 68.8 MB.

Unloading 12 unused Assets to reduce memory usage. Loaded Objects now: 2137.
Total: 3.930400 ms (FindLiveObjects: 0.188600 ms CreateObjectMapping: 0.054600 ms MarkObjects: 3.327500 ms  DeleteObjects: 0.358600 ms)

AssetImportParameters requested are different than current active one (requested -> active):
  custom:framework-win-MediaFoundation: 216162199b28c13a410421893ffa2e32 -> 
  custom:video-decoder-ogg-theora: a1e56fd34408186e4bbccfd4996cb3dc -> 
  custom:container-muxer-webm: aa71ff27fc2769a1b78a27578f13a17b -> 
  custom:container-demuxer-webm: 4f35f7cbe854078d1ac9338744f61a02 -> 
  custom:container-demuxer-ogg: 62fdf1f143b41e24485cea50d1cbac27 -> 
  custom:video-encoder-webm-vp8: eb34c28f22e8b96e1ab97ce403110664 -> 
  custom:video-codec-MediaFoundation-h265: 746d11721c4dcdbdad8f713fa42b33f4 -> 
  custom:video-decoder-webm-vp8: 9c59270c3fd7afecdb556c50c9e8de78 -> 
  custom:audio-decoder-ogg-vorbis: bf7c407c2cedff20999df2af8eb42d56 -> 
  custom:audio-encoder-webm-vorbis: bf7c407c2cedff20999df2af8eb42d56 -> 
========================================================================
Received Prepare
Refreshing native plugins compatible for Editor in 4.88 ms, found 2 plugins.
Preloading 0 native plugins for Editor in 0.00 ms.
Unloading 12 Unused Serialized files (Serialized files now loaded: 0)
System memory in use before: 69.0 MB.
System memory in use after: 68.8 MB.

Unloading 12 unused Assets to reduce memory usage. Loaded Objects now: 2137.
Total: 4.620400 ms (FindLiveObjects: 0.201500 ms CreateObjectMapping: 0.050700 ms MarkObjects: 3.982400 ms  DeleteObjects: 0.384600 ms)

AssetImportParameters requested are different than current active one (requested -> active):
  custom:framework-win-MediaFoundation: 216162199b28c13a410421893ffa2e32 -> 
  custom:video-decoder-ogg-theora: a1e56fd34408186e4bbccfd4996cb3dc -> 
  custom:container-muxer-webm: aa71ff27fc2769a1b78a27578f13a17b -> 
  custom:container-demuxer-webm: 4f35f7cbe854078d1ac9338744f61a02 -> 
  custom:container-demuxer-ogg: 62fdf1f143b41e24485cea50d1cbac27 -> 
  custom:video-encoder-webm-vp8: eb34c28f22e8b96e1ab97ce403110664 -> 
  custom:video-codec-MediaFoundation-h265: 746d11721c4dcdbdad8f713fa42b33f4 -> 
  custom:video-decoder-webm-vp8: 9c59270c3fd7afecdb556c50c9e8de78 -> 
  custom:audio-decoder-ogg-vorbis: bf7c407c2cedff20999df2af8eb42d56 -> 
  custom:audio-encoder-webm-vorbis: bf7c407c2cedff20999df2af8eb42d56 -> 
========================================================================
Received Import Request.
  Time since last request: 1925.451291 seconds.
  path: Assets/Scenes/NPNCutoff.unity
  artifactKey: Guid(f6b3a1ce4f477ac4094d843d0a1acf95) Importer(815301076,1909f56bfc062723c751e8b465ee728b)
Start importing Assets/Scenes/NPNCutoff.unity using Guid(f6b3a1ce4f477ac4094d843d0a1acf95) Importer(815301076,1909f56bfc062723c751e8b465ee728b)  -> (artifact id: '68f12d40c0edc5c709b977b2b931b2b6') in 0.074073 seconds 
  Import took 0.121330 seconds .

========================================================================
Received Import Request.
  Time since last request: 66.140208 seconds.
  path: Assets/Scenes/NPNSaturation.unity
  artifactKey: Guid(ba9749ed9e820604eade14ceba85c37f) Importer(815301076,1909f56bfc062723c751e8b465ee728b)
Start importing Assets/Scenes/NPNSaturation.unity using Guid(ba9749ed9e820604eade14ceba85c37f) Importer(815301076,1909f56bfc062723c751e8b465ee728b)  -> (artifact id: '74b26033dd721f45561a3645cfb6a473') in 0.037779 seconds 
  Import took 0.085092 seconds .

========================================================================
Received Import Request.
  Time since last request: 67.584513 seconds.
  path: Assets/Scenes/PNPActive.unity
  artifactKey: Guid(997f86d99f123d741b46ec6bcac80346) Importer(815301076,1909f56bfc062723c751e8b465ee728b)
Start importing Assets/Scenes/PNPActive.unity using Guid(997f86d99f123d741b46ec6bcac80346) Importer(815301076,1909f56bfc062723c751e8b465ee728b)  -> (artifact id: '8e03048dfb438fcb6776424afd6b4911') in 0.029029 seconds 
  Import took 0.071138 seconds .

========================================================================
Received Import Request.
  Time since last request: 54.544159 seconds.
  path: Assets/Scenes/PNPCutoff.unity
  artifactKey: Guid(a6c10a99cd639d845bc4240d1ab7d985) Importer(815301076,1909f56bfc062723c751e8b465ee728b)
Start importing Assets/Scenes/PNPCutoff.unity using Guid(a6c10a99cd639d845bc4240d1ab7d985) Importer(815301076,1909f56bfc062723c751e8b465ee728b)  -> (artifact id: '919140f55f2e67d51940c5d20525224e') in 0.004692 seconds 
  Import took 0.252539 seconds .

========================================================================
Received Import Request.
  Time since last request: 53.906333 seconds.
  path: Assets/Scenes/PNPSaturation.unity
  artifactKey: Guid(fd5b4ba9a64c5ff439ae3facdf872b02) Importer(815301076,1909f56bfc062723c751e8b465ee728b)
Start importing Assets/Scenes/PNPSaturation.unity using Guid(fd5b4ba9a64c5ff439ae3facdf872b02) Importer(815301076,1909f56bfc062723c751e8b465ee728b)  -> (artifact id: '374c397c37055a9d003a05663d13f03e') in 0.131012 seconds 
  Import took 0.190502 seconds .

========================================================================
Received Prepare
Refreshing native plugins compatible for Editor in 197.63 ms, found 2 plugins.
Preloading 0 native plugins for Editor in 0.00 ms.
Unloading 12 Unused Serialized files (Serialized files now loaded: 0)
System memory in use before: 69.1 MB.
System memory in use after: 68.9 MB.

Unloading 12 unused Assets to reduce memory usage. Loaded Objects now: 2137.
Total: 5.107600 ms (FindLiveObjects: 0.201100 ms CreateObjectMapping: 0.050000 ms MarkObjects: 4.474500 ms  DeleteObjects: 0.380800 ms)

AssetImportParameters requested are different than current active one (requested -> active):
  custom:framework-win-MediaFoundation: 216162199b28c13a410421893ffa2e32 -> 
  custom:video-decoder-ogg-theora: a1e56fd34408186e4bbccfd4996cb3dc -> 
  custom:container-muxer-webm: aa71ff27fc2769a1b78a27578f13a17b -> 
  custom:container-demuxer-webm: 4f35f7cbe854078d1ac9338744f61a02 -> 
  custom:container-demuxer-ogg: 62fdf1f143b41e24485cea50d1cbac27 -> 
  custom:video-encoder-webm-vp8: eb34c28f22e8b96e1ab97ce403110664 -> 
  custom:video-codec-MediaFoundation-h265: 746d11721c4dcdbdad8f713fa42b33f4 -> 
  custom:video-decoder-webm-vp8: 9c59270c3fd7afecdb556c50c9e8de78 -> 
  custom:audio-decoder-ogg-vorbis: bf7c407c2cedff20999df2af8eb42d56 -> 
  custom:audio-encoder-webm-vorbis: bf7c407c2cedff20999df2af8eb42d56 -> 
AssetImportWorkerClient::OnTransportError - code=2 error=End of file
